<?xml version="1.0" encoding="UTF-8"?>
<!-- Generated by org.testng.reporters.JUnitReportReporter -->
<testsuite hostname="Shashi-1987" failures="0" tests="1" name="AllWorks.AddBookWithFile" time="3.685" errors="0" timestamp="13 Feb 2024 16:47:17 GMT" skipped="0">
  <testcase classname="AllWorks.AddBookWithFile" name="Add" time="3.685"/>
</testsuite> <!-- AllWorks.AddBookWithFile -->
